[debug] [2024-06-03T11:26:55.991Z] ----------------------------------------------------------------------
[debug] [2024-06-03T11:26:55.994Z] Command:       C:\PLIL\node-v20.9.0-win-x64\node.exe C:\PLIL\node-v20.9.0-win-x64\node_modules\firebase-tools\lib\bin\firebase.js init
[debug] [2024-06-03T11:26:55.995Z] CLI Version:   13.10.2
[debug] [2024-06-03T11:26:55.995Z] Platform:      win32
[debug] [2024-06-03T11:26:55.995Z] Node Version:  v20.9.0
[debug] [2024-06-03T11:26:55.995Z] Time:          Mon Jun 03 2024 16:56:55 GMT+0530 (India Standard Time)
[debug] [2024-06-03T11:26:55.995Z] ----------------------------------------------------------------------
[debug] 
[debug] [2024-06-03T11:26:56.004Z] > command requires scopes: ["email","openid","https://www.googleapis.com/auth/cloudplatformprojects.readonly","https://www.googleapis.com/auth/firebase","https://www.googleapis.com/auth/cloud-platform"]
[debug] [2024-06-03T11:26:56.004Z] > authorizing via signed-in user (namanseth02@gmail.com)
[info] 
     ######## #### ########  ######## ########     ###     ######  ########
     ##        ##  ##     ## ##       ##     ##  ##   ##  ##       ##
     ######    ##  ########  ######   ########  #########  ######  ######
     ##        ##  ##    ##  ##       ##     ## ##     ##       ## ##
     ##       #### ##     ## ######## ########  ##     ##  ######  ########

You're about to initialize a Firebase project in this directory:

  C:\PLIL\PWA-POC-backend

Before we get started, keep in mind:

  * You are currently outside your home directory

